kotlin version: 2.2.10
error message: java.io.FileNotFoundException: /Users/james.king/AndroidStudioProjects/stock/app/build/tmp/kotlin-classes/debug/com/example/stock/db/EodCacheEntity.class (No such file or directory)
	at java.base/java.io.FileInputStream.open0(Native Method)
	at java.base/java.io.FileInputStream.open(Unknown Source)
	at java.base/java.io.FileInputStream.<init>(Unknown Source)
	at org.jetbrains.kotlin.com.intellij.openapi.util.io.FileUtil.loadFileBytes(FileUtil.java:187)
	at org.jetbrains.kotlin.cli.common.localfs.KotlinLocalVirtualFile.contentsToByteArray(KotlinLocalVirtualFile.kt:108)
	at org.jetbrains.kotlin.cli.jvm.compiler.KotlinCliJavaFileManagerImpl.findClass(KotlinCliJavaFileManagerImpl.kt:148)
	at org.jetbrains.kotlin.resolve.jvm.KotlinJavaPsiFacade$CliFinder.findClass(KotlinJavaPsiFacade.java:538)
	at org.jetbrains.kotlin.resolve.jvm.KotlinJavaPsiFacade.findClass(KotlinJavaPsiFacade.java:181)
	at org.jetbrains.kotlin.load.java.JavaClassFinderImpl.findClass(JavaClassFinderImpl.kt:46)
	at org.jetbrains.kotlin.fir.java.FirJavaFacade.findClass(FirJavaFacade.kt:74)
	at org.jetbrains.kotlin.fir.java.deserialization.JvmClassFileBasedSymbolProvider.extractClassMetadata(JvmClassFileBasedSymbolProvider.kt:178)
	at org.jetbrains.kotlin.fir.deserialization.AbstractFirDeserializedSymbolProvider.findAndDeserializeClass(AbstractFirDeserializedSymbolProvider.kt:229)
	at org.jetbrains.kotlin.fir.deserialization.AbstractFirDeserializedSymbolProvider.classCache$lambda$5(AbstractFirDeserializedSymbolProvider.kt:163)
	at org.jetbrains.kotlin.fir.caches.FirThreadUnsafeCacheWithPostCompute.getValue(FirThreadUnsafeCachesFactory.kt:75)
	at org.jetbrains.kotlin.fir.deserialization.AbstractFirDeserializedSymbolProvider.getClass(AbstractFirDeserializedSymbolProvider.kt:315)
	at org.jetbrains.kotlin.fir.deserialization.AbstractFirDeserializedSymbolProvider.getClass$default(AbstractFirDeserializedSymbolProvider.kt:298)
	at org.jetbrains.kotlin.fir.deserialization.AbstractFirDeserializedSymbolProvider.getClassLikeSymbolByClassId(AbstractFirDeserializedSymbolProvider.kt:372)
	at org.jetbrains.kotlin.fir.resolve.providers.impl.FirCachingCompositeSymbolProvider.computeClass(FirCachingCompositeSymbolProvider.kt:147)
	at org.jetbrains.kotlin.fir.resolve.providers.impl.FirCachingCompositeSymbolProvider.access$computeClass(FirCachingCompositeSymbolProvider.kt:27)
	at org.jetbrains.kotlin.fir.resolve.providers.impl.FirCachingCompositeSymbolProvider$special$$inlined$createCache$1.invoke(FirCachesFactory.kt:163)
	at org.jetbrains.kotlin.fir.resolve.providers.impl.FirCachingCompositeSymbolProvider$special$$inlined$createCache$1.invoke(FirCachesFactory.kt:147)
	at org.jetbrains.kotlin.fir.caches.FirThreadUnsafeCache.getValue(FirThreadUnsafeCachesFactory.kt:57)
	at org.jetbrains.kotlin.fir.resolve.providers.impl.FirCachingCompositeSymbolProvider.getClassLikeSymbolByClassId(FirCachingCompositeSymbolProvider.kt:174)
	at org.jetbrains.kotlin.fir.resolve.ToSymbolUtilsKt.toSymbol(ToSymbolUtils.kt:57)
	at org.jetbrains.kotlin.fir.resolve.ToSymbolUtilsKt.toTypeAliasSymbol(ToSymbolUtils.kt:77)
	at org.jetbrains.kotlin.fir.resolve.TypeExpansionUtilsKt.directExpansionType(TypeExpansionUtils.kt:120)
	at org.jetbrains.kotlin.fir.resolve.TypeExpansionUtilsKt.fullyExpandedTypeNoCache(TypeExpansionUtils.kt:107)
	at org.jetbrains.kotlin.fir.resolve.TypeExpansionUtilsKt.fullyExpandedType(TypeExpansionUtils.kt:45)
	at org.jetbrains.kotlin.fir.resolve.TypeExpansionUtilsKt.fullyExpandedType$default(TypeExpansionUtils.kt:35)
	at org.jetbrains.kotlin.fir.types.ConeInferenceContext.typeDepth(ConeInferenceContext.kt:214)
	at org.jetbrains.kotlin.fir.types.ConeInferenceContext.typeDepth(ConeInferenceContext.kt:196)
	at org.jetbrains.kotlin.fir.types.ConeInferenceContext.typeDepth(ConeInferenceContext.kt:222)
	at org.jetbrains.kotlin.fir.types.ConeInferenceContext.typeDepth(ConeInferenceContext.kt:196)
	at org.jetbrains.kotlin.fir.types.ConeInferenceContext.typeDepthForApproximation(ConeInferenceContext.kt:206)
	at org.jetbrains.kotlin.types.AbstractTypeApproximator.typeDepthForApproximation(AbstractTypeApproximator.kt)
	at org.jetbrains.kotlin.types.AbstractTypeApproximator.approximateToSuperType(AbstractTypeApproximator.kt:37)
	at org.jetbrains.kotlin.fir.types.ConeTypeApproximator.approximateToSuperType(ConeTypeApproximator.kt:17)
	at org.jetbrains.kotlin.fir.backend.Fir2IrTypeConverterKt.approximateForIrOrNull(Fir2IrTypeConverter.kt:387)
	at org.jetbrains.kotlin.fir.backend.Fir2IrTypeConverterKt.approximateForIrOrSelf(Fir2IrTypeConverter.kt:391)
	at org.jetbrains.kotlin.fir.backend.Fir2IrTypeConverter.toIrType(Fir2IrTypeConverter.kt:168)
	at org.jetbrains.kotlin.fir.backend.Fir2IrTypeConverter.toIrType$default(Fir2IrTypeConverter.kt:99)
	at org.jetbrains.kotlin.fir.backend.Fir2IrTypeConverterKt.toIrType(Fir2IrTypeConverter.kt:382)
	at org.jetbrains.kotlin.fir.backend.Fir2IrTypeConverterKt.toIrType$default(Fir2IrTypeConverter.kt:380)
	at org.jetbrains.kotlin.fir.backend.Fir2IrVisitor.visitGetClassCall(Fir2IrVisitor.kt:1741)
	at org.jetbrains.kotlin.fir.backend.Fir2IrVisitor.visitGetClassCall(Fir2IrVisitor.kt:66)
	at org.jetbrains.kotlin.fir.expressions.FirGetClassCall.accept(FirGetClassCall.kt:29)
	at org.jetbrains.kotlin.fir.backend.Fir2IrVisitor.convertToIrExpression$fir2ir(Fir2IrVisitor.kt:1015)
	at org.jetbrains.kotlin.fir.backend.Fir2IrVisitor.convertToIrExpression$fir2ir$default(Fir2IrVisitor.kt:986)
	at org.jetbrains.kotlin.fir.backend.Fir2IrVisitor.convertToIrVarargElement(Fir2IrVisitor.kt:618)
	at org.jetbrains.kotlin.fir.backend.Fir2IrVisitor.convertToArrayLiteral(Fir2IrVisitor.kt:1805)
	at org.jetbrains.kotlin.fir.backend.Fir2IrVisitor.convertToIrExpression$fir2ir(Fir2IrVisitor.kt:1014)
	at org.jetbrains.kotlin.fir.backend.Fir2IrVisitor.convertToIrExpression$fir2ir$default(Fir2IrVisitor.kt:986)
	at org.jetbrains.kotlin.fir.backend.generators.CallAndReferenceGenerator.convertArgument(CallAndReferenceGenerator.kt:1064)
	at org.jetbrains.kotlin.fir.backend.generators.CallAndReferenceGenerator.convertArguments(CallAndReferenceGenerator.kt:1606)
	at org.jetbrains.kotlin.fir.backend.generators.CallAndReferenceGenerator.applyArgumentsWithReorderingIfNeeded(CallAndReferenceGenerator.kt:1543)
	at org.jetbrains.kotlin.fir.backend.generators.CallAndReferenceGenerator.applyCallArguments(CallAndReferenceGenerator.kt:1501)
	at org.jetbrains.kotlin.fir.backend.generators.CallAndReferenceGenerator.applyReceiversAndArguments(CallAndReferenceGenerator.kt:1380)
	at org.jetbrains.kotlin.fir.backend.generators.CallAndReferenceGenerator.applyReceiversAndArguments$default(CallAndReferenceGenerator.kt:1365)
	at org.jetbrains.kotlin.fir.backend.generators.CallAndReferenceGenerator.convertToIrConstructorCall(CallAndReferenceGenerator.kt:980)
	at org.jetbrains.kotlin.fir.lazy.AbstractFir2IrLazyDeclaration.createLazyAnnotations$lambda$1(AbstractFir2IrLazyDeclaration.kt:35)
	at org.jetbrains.kotlin.ir.declarations.lazy.SynchronizedLazyVar.getValue(lazyUtil.kt:29)
	at org.jetbrains.kotlin.ir.declarations.lazy.SynchronizedLazyVar.getValue(lazyUtil.kt:40)
	at org.jetbrains.kotlin.fir.lazy.Fir2IrLazyClass.getAnnotations(Fir2IrLazyClass.kt:62)
	at androidx.compose.compiler.plugins.kotlin.analysis.StabilityKt.hasStableMarker(Stability.kt:176)
	at androidx.compose.compiler.plugins.kotlin.analysis.StabilityKt.hasStableMarkedDescendant(Stability.kt:182)
	at androidx.compose.compiler.plugins.kotlin.analysis.StabilityKt.access$hasStableMarkedDescendant(Stability.kt:1)
	at androidx.compose.compiler.plugins.kotlin.analysis.StabilityInferencer.stabilityOf(Stability.kt:216)
	at androidx.compose.compiler.plugins.kotlin.analysis.StabilityInferencer.stabilityOf(Stability.kt:338)
	at androidx.compose.compiler.plugins.kotlin.analysis.StabilityInferencer.stabilityOf(Stability.kt:406)
	at androidx.compose.compiler.plugins.kotlin.analysis.StabilityInferencer.stabilityOf(Stability.kt:289)
	at androidx.compose.compiler.plugins.kotlin.analysis.StabilityInferencer.stabilityOf(Stability.kt:338)
	at androidx.compose.compiler.plugins.kotlin.analysis.StabilityInferencer.stabilityOf(Stability.kt:406)
	at androidx.compose.compiler.plugins.kotlin.analysis.StabilityInferencer.stabilityOf(Stability.kt:204)
	at androidx.compose.compiler.plugins.kotlin.lower.ClassStabilityTransformer.visitClass(ClassStabilityTransformer.kt:132)
	at org.jetbrains.kotlin.ir.visitors.IrElementTransformerVoid.visitClass(IrElementTransformerVoid.kt:57)
	at org.jetbrains.kotlin.ir.visitors.IrElementTransformerVoid.visitClass(IrElementTransformerVoid.kt:19)
	at org.jetbrains.kotlin.ir.declarations.IrClass.accept(IrClass.kt:72)
	at org.jetbrains.kotlin.ir.IrElementBase.transform(IrElementBase.kt:33)
	at org.jetbrains.kotlin.ir.util.TransformKt.transformInPlace(transform.kt:35)
	at org.jetbrains.kotlin.ir.declarations.IrPackageFragment.transformChildren(IrPackageFragment.kt:31)
	at org.jetbrains.kotlin.ir.visitors.IrElementTransformerVoid.visitPackageFragment(IrElementTransformerVoid.kt:146)
	at org.jetbrains.kotlin.ir.visitors.IrElementTransformerVoid.visitFile(IrElementTransformerVoid.kt:160)
	at org.jetbrains.kotlin.ir.visitors.IrElementTransformerVoid.visitFile(IrElementTransformerVoid.kt:163)
	at org.jetbrains.kotlin.ir.visitors.IrElementTransformerVoid.visitFile(IrElementTransformerVoid.kt:19)
	at org.jetbrains.kotlin.ir.declarations.IrFile.accept(IrFile.kt:27)
	at org.jetbrains.kotlin.ir.declarations.IrFile.transform(IrFile.kt:30)
	at org.jetbrains.kotlin.ir.declarations.IrFile.transform(IrFile.kt:19)
	at org.jetbrains.kotlin.ir.util.TransformKt.transformInPlace(transform.kt:35)
	at org.jetbrains.kotlin.ir.declarations.IrModuleFragment.transformChildren(IrModuleFragment.kt:46)
	at org.jetbrains.kotlin.ir.visitors.IrElementTransformerVoidKt.transformChildrenVoid(IrElementTransformerVoid.kt:583)
	at androidx.compose.compiler.plugins.kotlin.lower.ClassStabilityTransformer.lower(ClassStabilityTransformer.kt:75)
	at androidx.compose.compiler.plugins.kotlin.ComposeIrGenerationExtension.generate(ComposeIrGenerationExtension.kt:121)
	at org.jetbrains.kotlin.fir.pipeline.ConvertToIrKt.applyIrGenerationExtensions(convertToIr.kt:468)
	at org.jetbrains.kotlin.fir.pipeline.Fir2IrPipeline.runActualizationPipeline(convertToIr.kt:245)
	at org.jetbrains.kotlin.fir.pipeline.Fir2IrPipeline.convertToIrAndActualize(convertToIr.kt:128)
	at org.jetbrains.kotlin.fir.pipeline.ConvertToIrKt.convertToIrAndActualize(convertToIr.kt:97)
	at org.jetbrains.kotlin.fir.pipeline.ConvertToIrKt.convertToIrAndActualize$default(convertToIr.kt:72)
	at org.jetbrains.kotlin.cli.jvm.compiler.legacy.pipeline.JvmCompilerPipelineKt.convertToIrAndActualizeForJvm(jvmCompilerPipeline.kt:109)
	at org.jetbrains.kotlin.cli.pipeline.jvm.JvmFir2IrPipelinePhase.executePhase(JvmFir2IrPipelinePhase.kt:26)
	at org.jetbrains.kotlin.cli.pipeline.jvm.JvmFir2IrPipelinePhase.executePhase(JvmFir2IrPipelinePhase.kt:17)
	at org.jetbrains.kotlin.cli.pipeline.PipelinePhase.phaseBody(PipelinePhase.kt:68)
	at org.jetbrains.kotlin.cli.pipeline.PipelinePhase.phaseBody(PipelinePhase.kt:58)
	at org.jetbrains.kotlin.config.phaser.NamedCompilerPhase.invoke(CompilerPhase.kt:102)
	at org.jetbrains.kotlin.backend.common.phaser.CompositePhase.invoke(PhaseBuilders.kt:22)
	at org.jetbrains.kotlin.config.phaser.CompilerPhaseKt.invokeToplevel(CompilerPhase.kt:53)
	at org.jetbrains.kotlin.cli.pipeline.AbstractCliPipeline.runPhasedPipeline(AbstractCliPipeline.kt:109)
	at org.jetbrains.kotlin.cli.pipeline.AbstractCliPipeline.execute(AbstractCliPipeline.kt:68)
	at org.jetbrains.kotlin.cli.jvm.K2JVMCompiler.doExecutePhased(K2JVMCompiler.kt:78)
	at org.jetbrains.kotlin.cli.jvm.K2JVMCompiler.doExecutePhased(K2JVMCompiler.kt:44)
	at org.jetbrains.kotlin.cli.common.CLICompiler.execImpl(CLICompiler.kt:90)
	at org.jetbrains.kotlin.cli.common.CLICompiler.exec(CLICompiler.kt:352)
	at org.jetbrains.kotlin.incremental.IncrementalJvmCompilerRunnerBase.runCompiler(IncrementalJvmCompilerRunnerBase.kt:175)
	at org.jetbrains.kotlin.incremental.IncrementalJvmCompilerRunnerBase.runCompiler(IncrementalJvmCompilerRunnerBase.kt:38)
	at org.jetbrains.kotlin.incremental.IncrementalCompilerRunner.doCompile(IncrementalCompilerRunner.kt:504)
	at org.jetbrains.kotlin.incremental.IncrementalCompilerRunner.compileImpl(IncrementalCompilerRunner.kt:421)
	at org.jetbrains.kotlin.incremental.IncrementalCompilerRunner.tryCompileIncrementally$lambda$10$compile(IncrementalCompilerRunner.kt:254)
	at org.jetbrains.kotlin.incremental.IncrementalCompilerRunner.tryCompileIncrementally(IncrementalCompilerRunner.kt:272)
	at org.jetbrains.kotlin.incremental.IncrementalCompilerRunner.compile(IncrementalCompilerRunner.kt:124)
	at org.jetbrains.kotlin.daemon.CompileServiceImplBase.execIncrementalCompiler(CompileServiceImpl.kt:679)
	at org.jetbrains.kotlin.daemon.CompileServiceImplBase.access$execIncrementalCompiler(CompileServiceImpl.kt:93)
	at org.jetbrains.kotlin.daemon.CompileServiceImpl.compile(CompileServiceImpl.kt:1806)
	at java.base/jdk.internal.reflect.DirectMethodHandleAccessor.invoke(Unknown Source)
	at java.base/java.lang.reflect.Method.invoke(Unknown Source)
	at java.rmi/sun.rmi.server.UnicastServerRef.dispatch(Unknown Source)
	at java.rmi/sun.rmi.transport.Transport$1.run(Unknown Source)
	at java.rmi/sun.rmi.transport.Transport$1.run(Unknown Source)
	at java.base/java.security.AccessController.doPrivileged(Unknown Source)
	at java.rmi/sun.rmi.transport.Transport.serviceCall(Unknown Source)
	at java.rmi/sun.rmi.transport.tcp.TCPTransport.handleMessages(Unknown Source)
	at java.rmi/sun.rmi.transport.tcp.TCPTransport$ConnectionHandler.run0(Unknown Source)
	at java.rmi/sun.rmi.transport.tcp.TCPTransport$ConnectionHandler.lambda$run$0(Unknown Source)
	at java.base/java.security.AccessController.doPrivileged(Unknown Source)
	at java.rmi/sun.rmi.transport.tcp.TCPTransport$ConnectionHandler.run(Unknown Source)
	at java.base/java.util.concurrent.ThreadPoolExecutor.runWorker(Unknown Source)
	at java.base/java.util.concurrent.ThreadPoolExecutor$Worker.run(Unknown Source)
	at java.base/java.lang.Thread.run(Unknown Source)


error message: Daemon compilation failed: null
java.lang.Exception
	at org.jetbrains.kotlin.daemon.common.CompileService$CallResult$Error.get(CompileService.kt:69)
	at org.jetbrains.kotlin.daemon.common.CompileService$CallResult$Error.get(CompileService.kt:65)
	at org.jetbrains.kotlin.compilerRunner.GradleKotlinCompilerWork.compileWithDaemon(GradleKotlinCompilerWork.kt:240)
	at org.jetbrains.kotlin.compilerRunner.GradleKotlinCompilerWork.compileWithDaemonOrFallbackImpl(GradleKotlinCompilerWork.kt:159)
	at org.jetbrains.kotlin.compilerRunner.GradleKotlinCompilerWork.run(GradleKotlinCompilerWork.kt:111)
	at org.jetbrains.kotlin.compilerRunner.GradleCompilerRunnerWithWorkers$GradleKotlinCompilerWorkAction.execute(GradleCompilerRunnerWithWorkers.kt:74)
	at org.gradle.workers.internal.DefaultWorkerServer.execute(DefaultWorkerServer.java:68)
	at org.gradle.workers.internal.NoIsolationWorkerFactory$1$1.create(NoIsolationWorkerFactory.java:66)
	at org.gradle.workers.internal.NoIsolationWorkerFactory$1$1.create(NoIsolationWorkerFactory.java:62)
	at org.gradle.internal.classloader.ClassLoaderUtils.executeInClassloader(ClassLoaderUtils.java:100)
	at org.gradle.workers.internal.NoIsolationWorkerFactory$1.lambda$execute$0(NoIsolationWorkerFactory.java:62)
	at org.gradle.workers.internal.AbstractWorker$1.call(AbstractWorker.java:44)
	at org.gradle.workers.internal.AbstractWorker$1.call(AbstractWorker.java:41)
	at org.gradle.internal.operations.DefaultBuildOperationRunner$CallableBuildOperationWorker.execute(DefaultBuildOperationRunner.java:209)
	at org.gradle.internal.operations.DefaultBuildOperationRunner$CallableBuildOperationWorker.execute(DefaultBuildOperationRunner.java:204)
	at org.gradle.internal.operations.DefaultBuildOperationRunner$2.execute(DefaultBuildOperationRunner.java:66)
	at org.gradle.internal.operations.DefaultBuildOperationRunner$2.execute(DefaultBuildOperationRunner.java:59)
	at org.gradle.internal.operations.DefaultBuildOperationRunner.execute(DefaultBuildOperationRunner.java:166)
	at org.gradle.internal.operations.DefaultBuildOperationRunner.execute(DefaultBuildOperationRunner.java:59)
	at org.gradle.internal.operations.DefaultBuildOperationRunner.call(DefaultBuildOperationRunner.java:53)
	at org.gradle.workers.internal.AbstractWorker.executeWrappedInBuildOperation(AbstractWorker.java:41)
	at org.gradle.workers.internal.NoIsolationWorkerFactory$1.execute(NoIsolationWorkerFactory.java:59)
	at org.gradle.workers.internal.DefaultWorkerExecutor.lambda$submitWork$0(DefaultWorkerExecutor.java:176)
	at java.base/java.util.concurrent.FutureTask.run(Unknown Source)
	at org.gradle.internal.work.DefaultConditionalExecutionQueue$ExecutionRunner.runExecution(DefaultConditionalExecutionQueue.java:194)
	at org.gradle.internal.work.DefaultConditionalExecutionQueue$ExecutionRunner.access$700(DefaultConditionalExecutionQueue.java:127)
	at org.gradle.internal.work.DefaultConditionalExecutionQueue$ExecutionRunner$1.run(DefaultConditionalExecutionQueue.java:169)
	at org.gradle.internal.Factories$1.create(Factories.java:31)
	at org.gradle.internal.work.DefaultWorkerLeaseService.withLocks(DefaultWorkerLeaseService.java:263)
	at org.gradle.internal.work.DefaultWorkerLeaseService.runAsWorkerThread(DefaultWorkerLeaseService.java:127)
	at org.gradle.internal.work.DefaultWorkerLeaseService.runAsWorkerThread(DefaultWorkerLeaseService.java:132)
	at org.gradle.internal.work.DefaultConditionalExecutionQueue$ExecutionRunner.runBatch(DefaultConditionalExecutionQueue.java:164)
	at org.gradle.internal.work.DefaultConditionalExecutionQueue$ExecutionRunner.run(DefaultConditionalExecutionQueue.java:133)
	at java.base/java.util.concurrent.Executors$RunnableAdapter.call(Unknown Source)
	at java.base/java.util.concurrent.FutureTask.run(Unknown Source)
	at org.gradle.internal.concurrent.ExecutorPolicy$CatchAndRecordFailures.onExecute(ExecutorPolicy.java:64)
	at org.gradle.internal.concurrent.AbstractManagedExecutor$1.run(AbstractManagedExecutor.java:47)
	at java.base/java.util.concurrent.ThreadPoolExecutor.runWorker(Unknown Source)
	at java.base/java.util.concurrent.ThreadPoolExecutor$Worker.run(Unknown Source)
	at java.base/java.lang.Thread.run(Unknown Source)
Caused by: java.nio.file.NoSuchFileException: /var/folders/6j/ksx__vvn08519mt4w041rfhh0000gn/T/kotlin-backups15948147420836325241/16.backup -> /Users/james.king/AndroidStudioProjects/stock/app/build/tmp/kotlin-classes/debug/com/example/stock/ui/screens/ScreensKt$PremarketBody$$inlined$thenBy$2.class
	at java.base/sun.nio.fs.UnixException.translateToIOException(Unknown Source)
	at java.base/sun.nio.fs.UnixException.rethrowAsIOException(Unknown Source)
	at java.base/sun.nio.fs.UnixFileSystem.move(Unknown Source)
	at java.base/sun.nio.fs.UnixFileSystemProvider.move(Unknown Source)
	at java.base/java.nio.file.Files.move(Unknown Source)
	at org.jetbrains.kotlin.incremental.RecoverableCompilationTransaction.revertChanges(CompilationTransaction.kt:231)
	at org.jetbrains.kotlin.incremental.RecoverableCompilationTransaction.close(CompilationTransaction.kt:256)
	at org.jetbrains.kotlin.incremental.IncrementalCompilerRunner.tryCompileIncrementally(IncrementalCompilerRunner.kt:740)
	at org.jetbrains.kotlin.incremental.IncrementalCompilerRunner.compile(IncrementalCompilerRunner.kt:124)
	at org.jetbrains.kotlin.daemon.CompileServiceImplBase.execIncrementalCompiler(CompileServiceImpl.kt:679)
	at org.jetbrains.kotlin.daemon.CompileServiceImplBase.access$execIncrementalCompiler(CompileServiceImpl.kt:93)
	at org.jetbrains.kotlin.daemon.CompileServiceImpl.compile(CompileServiceImpl.kt:1806)
	at java.base/jdk.internal.reflect.DirectMethodHandleAccessor.invoke(Unknown Source)
	at java.base/java.lang.reflect.Method.invoke(Unknown Source)
	at java.rmi/sun.rmi.server.UnicastServerRef.dispatch(Unknown Source)
	at java.rmi/sun.rmi.transport.Transport$1.run(Unknown Source)
	at java.rmi/sun.rmi.transport.Transport$1.run(Unknown Source)
	at java.base/java.security.AccessController.doPrivileged(Unknown Source)
	at java.rmi/sun.rmi.transport.Transport.serviceCall(Unknown Source)
	at java.rmi/sun.rmi.transport.tcp.TCPTransport.handleMessages(Unknown Source)
	at java.rmi/sun.rmi.transport.tcp.TCPTransport$ConnectionHandler.run0(Unknown Source)
	at java.rmi/sun.rmi.transport.tcp.TCPTransport$ConnectionHandler.lambda$run$0(Unknown Source)
	at java.base/java.security.AccessController.doPrivileged(Unknown Source)
	at java.rmi/sun.rmi.transport.tcp.TCPTransport$ConnectionHandler.run(Unknown Source)
	... 3 more


